2025-04-28T05:01:13.484Z [INFO]: Iniciando sincronización
2025-04-28T05:01:13.500Z [ERROR]: Error general: connect ECONNREFUSED 127.0.0.1:3310
2025-04-28T05:02:00.328Z [INFO]: Iniciando sincronización
2025-04-28T05:02:01.474Z [ERROR]: Error general: Unknown column 'migrated' in 'where clause'
2025-04-28T05:08:33.542Z [INFO]: Iniciando sincronización
2025-04-28T05:08:38.035Z [ERROR]: Tenant tenancy_inversionesyservicios34: fallo al procesar bc8c13ff-9470-4643-9905-2ca68c59e155 -> getaddrinfo ENOTFOUND tu-api-externa.com
2025-04-28T05:15:16.496Z [INFO]: Iniciando sincronización
2025-04-28T05:15:20.917Z [ERROR]: Tenant tenancy_inversionesyservicios34: fallo al procesar bc8c13ff-9470-4643-9905-2ca68c59e155 -> getaddrinfo ENOTFOUND tu-api-externa.com
2025-04-28T05:16:30.349Z [INFO]: Iniciando sincronización
2025-04-28T05:16:35.495Z [ERROR]: Tenant tenancy_inversionesyservicios34: fallo al procesar bc8c13ff-9470-4643-9905-2ca68c59e155 -> getaddrinfo ENOTFOUND tu-api-externa.com
2025-04-28T05:18:07.801Z [INFO]: Iniciando sincronización
2025-04-28T05:18:12.423Z [ERROR]: Tenant tenancy_inversionesyservicios34: fallo al procesar bc8c13ff-9470-4643-9905-2ca68c59e155 -> getaddrinfo ENOTFOUND tu-api-externa.com
2025-04-28T05:20:39.824Z [INFO]: Iniciando sincronización
2025-04-28T05:20:44.212Z [ERROR]: Tenant tenancy_inversionesyservicios34: fallo al procesar bc8c13ff-9470-4643-9905-2ca68c59e155 -> getaddrinfo ENOTFOUND tu-api-externa.com
2025-04-28T05:28:21.244Z [INFO]: Iniciando sincronización
2025-04-28T05:28:25.631Z [ERROR]: Tenant tenancy_inversionesyservicios34: fallo al procesar bc8c13ff-9470-4643-9905-2ca68c59e155 -> getaddrinfo ENOTFOUND tu-api-externa.com
2025-04-28T05:29:12.293Z [INFO]: Iniciando sincronización
2025-04-28T05:29:16.702Z [ERROR]: Tenant tenancy_inversionesyservicios34: fallo al procesar bc8c13ff-9470-4643-9905-2ca68c59e155 -> getaddrinfo ENOTFOUND tu-api-externa.com
2025-04-28T05:32:52.361Z [INFO]: Iniciando sincronización
2025-04-28T05:32:56.789Z [ERROR]: Tenant tenancy_inversionesyservicios34: fallo al procesar bc8c13ff-9470-4643-9905-2ca68c59e155 -> getaddrinfo ENOTFOUND tu-api-externa.com
2025-04-28T05:40:45.877Z [INFO]: Iniciando sincronización
2025-04-28T05:40:50.175Z [WARN]: Directorio PDF no existe: /home/rafael/proyects/smart1/storage/app/tenancy/tenancy_inversionesyservicios34/pdf
2025-04-28T05:40:50.175Z [WARN]: Directorio CDR no existe: /home/rafael/proyects/smart1/storage/app/tenancy/tenancy_inversionesyservicios34/cdr
2025-04-28T05:40:50.248Z [ERROR]: Tenant tenancy_inversionesyservicios34: fallo al procesar bc8c13ff-9470-4643-9905-2ca68c59e155 -> getaddrinfo ENOTFOUND tu-api-externa.com
2025-04-28T05:42:42.039Z [INFO]: Iniciando sincronización
2025-04-28T05:42:46.348Z [WARN]: CDR no encontrado en /home/rafael/proyects/smart1/storage/app/tenancy/tenants/tenancy_inversionesyservicios34/cdr para identificador 20613266713-01-F701-1
2025-04-28T05:42:46.423Z [ERROR]: Tenant tenancy_inversionesyservicios34: fallo al procesar bc8c13ff-9470-4643-9905-2ca68c59e155 -> getaddrinfo ENOTFOUND tu-api-externa.com
2025-04-28T05:49:48.917Z [INFO]: Iniciando sincronización
2025-04-28T05:49:53.343Z [ERROR]: Tenant tenancy_inversionesyservicios34: fallo al procesar bc8c13ff-9470-4643-9905-2ca68c59e155 -> getaddrinfo ENOTFOUND tu-api-externa.com
2025-04-28T05:50:35.015Z [INFO]: Iniciando sincronización
2025-04-28T05:50:39.826Z [ERROR]: Tenant tenancy_inversionesyservicios34: fallo al procesar bc8c13ff-9470-4643-9905-2ca68c59e155 -> getaddrinfo ENOTFOUND tu-api-externa.com
2025-04-28T05:53:28.282Z [INFO]: Iniciando sincronización
2025-04-28T05:53:32.696Z [ERROR]: Tenant tenancy_inversionesyservicios34: fallo al procesar bc8c13ff-9470-4643-9905-2ca68c59e155 -> getaddrinfo ENOTFOUND tu-api-externa.com
2025-04-28T05:55:39.360Z [INFO]: Iniciando sincronización
2025-04-28T05:55:43.786Z [ERROR]: Tenant tenancy_inversionesyservicios34: fallo al procesar bc8c13ff-9470-4643-9905-2ca68c59e155 -> getaddrinfo ENOTFOUND tu-api-externa.com
2025-04-28T05:56:00.677Z [INFO]: Iniciando sincronización
2025-04-28T05:56:05.046Z [ERROR]: Tenant tenancy_inversionesyservicios34: fallo al procesar bc8c13ff-9470-4643-9905-2ca68c59e155 -> getaddrinfo ENOTFOUND tu-api-externa.com
2025-04-28T05:57:29.764Z [INFO]: Iniciando sincronización
2025-04-28T05:57:34.143Z [ERROR]: Tenant tenancy_inversionesyservicios34: fallo al procesar bc8c13ff-9470-4643-9905-2ca68c59e155 -> getaddrinfo ENOTFOUND tu-api-externa.com
2025-04-28T05:58:19.619Z [INFO]: Iniciando sincronización
2025-04-28T05:58:24.018Z [ERROR]: Tenant tenancy_inversionesyservicios34: fallo al procesar bc8c13ff-9470-4643-9905-2ca68c59e155 -> getaddrinfo ENOTFOUND tu-api-externa.com
2025-04-28T05:59:48.250Z [INFO]: Iniciando sincronización
2025-04-28T05:59:52.622Z [ERROR]: Tenant tenancy_inversionesyservicios34: fallo al procesar bc8c13ff-9470-4643-9905-2ca68c59e155 -> getaddrinfo ENOTFOUND tu-api-externa.com
2025-04-28T05:59:56.339Z [ERROR]: Tenant tenancy_demo: fallo al procesar 090c63c1-6189-4de1-af0f-977021e844e0 -> getaddrinfo ENOTFOUND tu-api-externa.com
2025-04-28T06:00:00.125Z [INFO]: Sincronización completada
2025-04-28T06:40:13.749Z [INFO]: Iniciando sincronización
2025-04-28T06:40:13.945Z [ERROR]: Error general: Connection lost: The server closed the connection.
2025-04-28T06:40:31.372Z [INFO]: Iniciando sincronización
2025-04-28T06:40:31.945Z [INFO]: --- Tenant: tenancy_jperezcuellar ---
2025-04-28T06:40:33.782Z [INFO]: Tenant tenancy_jperezcuellar: 0 documentos nuevos
2025-04-28T06:40:34.152Z [INFO]: Tenant tenancy_jperezcuellar: 0 documentos actualizados
2025-04-28T06:40:34.152Z [INFO]: --- Tenant: tenancy_inversionesyservicios34 ---
2025-04-28T06:40:35.990Z [INFO]: Tenant tenancy_inversionesyservicios34: 1 documentos nuevos
2025-04-28T06:40:35.990Z [INFO]: Tenant tenancy_inversionesyservicios34: doc bc8c13ff-9470-4643-9905-2ca68c59e155 estado SUNAT -> code=0 desc="La Factura numero F701-1, ha sido aceptada"
2025-04-28T06:40:36.222Z [ERROR]: (NEW) Tenant tenancy_inversionesyservicios34: error bc8c13ff-9470-4643-9905-2ca68c59e155 -> getaddrinfo ENOTFOUND tu-api-externa.com
2025-04-28T06:40:36.594Z [INFO]: Tenant tenancy_inversionesyservicios34: 0 documentos actualizados
2025-04-28T06:40:36.594Z [INFO]: --- Tenant: tenancy_fesanrolurin ---
2025-04-28T06:40:38.437Z [INFO]: Tenant tenancy_fesanrolurin: 0 documentos nuevos
2025-04-28T06:40:38.808Z [INFO]: Tenant tenancy_fesanrolurin: 0 documentos actualizados
2025-04-28T06:40:38.808Z [INFO]: --- Tenant: tenancy_demo ---
2025-04-28T06:42:32.734Z [INFO]: Iniciando sincronización
2025-04-28T06:42:33.295Z [INFO]: --- Tenant: tenancy_jperezcuellar ---
2025-04-28T06:42:35.131Z [INFO]: Tenant tenancy_jperezcuellar: 0 documentos nuevos
2025-04-28T06:42:35.131Z [INFO]: --- Tenant: tenancy_inversionesyservicios34 ---
2025-04-28T06:42:36.945Z [INFO]: Tenant tenancy_inversionesyservicios34: 1 documentos nuevos
2025-04-28T06:42:36.945Z [INFO]: Tenant tenancy_inversionesyservicios34: doc bc8c13ff-9470-4643-9905-2ca68c59e155 estado SUNAT -> code=0 desc="La Factura numero F701-1, ha sido aceptada"
2025-04-28T06:42:37.009Z [ERROR]: (NEW) Tenant tenancy_inversionesyservicios34: error bc8c13ff-9470-4643-9905-2ca68c59e155 -> getaddrinfo ENOTFOUND tu-api-externa.com
2025-04-28T06:42:37.009Z [INFO]: --- Tenant: tenancy_fesanrolurin ---
2025-04-28T06:42:38.837Z [INFO]: Tenant tenancy_fesanrolurin: 0 documentos nuevos
2025-04-28T06:42:38.837Z [INFO]: --- Tenant: tenancy_demo ---
2025-04-28T06:43:29.829Z [INFO]: Iniciando sincronización
2025-04-28T06:43:30.399Z [INFO]: ****************** Tenant: tenancy_jperezcuellar ******************
2025-04-28T06:43:32.292Z [INFO]: Tenant tenancy_jperezcuellar: 0 documentos nuevos
2025-04-28T06:43:32.293Z [INFO]: ****************** Tenant: tenancy_inversionesyservicios34 ******************
2025-04-28T06:43:34.167Z [INFO]: Tenant tenancy_inversionesyservicios34: 1 documentos nuevos
2025-04-28T06:43:34.167Z [INFO]: Tenant tenancy_inversionesyservicios34: doc bc8c13ff-9470-4643-9905-2ca68c59e155 estado SUNAT -> code=0 desc="La Factura numero F701-1, ha sido aceptada"
2025-04-28T06:43:34.233Z [ERROR]: (NEW) Tenant tenancy_inversionesyservicios34: error bc8c13ff-9470-4643-9905-2ca68c59e155 -> getaddrinfo ENOTFOUND tu-api-externa.com
2025-04-28T06:43:34.233Z [INFO]: ****************** Tenant: tenancy_fesanrolurin ******************
2025-04-28T06:43:36.103Z [INFO]: Tenant tenancy_fesanrolurin: 0 documentos nuevos
2025-04-28T06:43:36.104Z [INFO]: ****************** Tenant: tenancy_demo ******************
2025-04-28T06:59:52.214Z [INFO]: Iniciando sincronización
2025-04-28T06:59:52.782Z [INFO]: **** Tenant: tenancy_jperezcuellar ****
2025-04-28T06:59:54.609Z [INFO]: Tenant tenancy_jperezcuellar: 0 documentos nuevos
2025-04-28T06:59:54.610Z [INFO]: **** Tenant: tenancy_inversionesyservicios34 ****
2025-04-28T06:59:56.441Z [INFO]: Tenant tenancy_inversionesyservicios34: 1 documentos nuevos
2025-04-28T06:59:56.442Z [INFO]: (NEW) Tenant tenancy_inversionesyservicios34: estado calculado = ACEPTADO
2025-04-28T06:59:56.442Z [INFO]: Tenant tenancy_inversionesyservicios34: doc bc8c13ff-9470-4643-9905-2ca68c59e155 estado SOAP -> code=0 desc="La Factura numero F701-1, ha sido aceptada"
2025-04-28T06:59:56.556Z [ERROR]: (NEW) Tenant tenancy_inversionesyservicios34: error bc8c13ff-9470-4643-9905-2ca68c59e155 -> getaddrinfo ENOTFOUND tu-api-externa.com
2025-04-28T06:59:56.556Z [INFO]: **** Tenant: tenancy_fesanrolurin ****
2025-04-28T06:59:58.394Z [INFO]: Tenant tenancy_fesanrolurin: 0 documentos nuevos
2025-04-28T06:59:58.395Z [INFO]: **** Tenant: tenancy_demo ****
2025-04-28T07:00:00.211Z [INFO]: Tenant tenancy_demo: 1 documentos nuevos
2025-04-28T07:00:00.211Z [INFO]: (NEW) Tenant tenancy_demo: estado calculado = ACEPTADO
2025-04-28T07:00:00.211Z [INFO]: Tenant tenancy_demo: doc 090c63c1-6189-4de1-af0f-977021e844e0 estado SOAP -> code=0 desc="La Factura numero FTR1-1, ha sido aceptada"
2025-04-28T07:00:00.223Z [ERROR]: (NEW) Tenant tenancy_demo: error 090c63c1-6189-4de1-af0f-977021e844e0 -> getaddrinfo ENOTFOUND tu-api-externa.com
2025-04-28T07:00:00.224Z [INFO]: **** Tenant: tenancy_escorpio ****
2025-04-28T07:00:02.032Z [INFO]: Tenant tenancy_escorpio: 0 documentos nuevos
2025-04-28T07:00:02.033Z [INFO]: **** Tenant: tenancy_grifodennis ****
2025-04-28T07:00:03.841Z [INFO]: Tenant tenancy_grifodennis: 0 documentos nuevos
2025-04-28T07:00:03.841Z [INFO]: Sincronización completada
2025-04-28T07:02:05.674Z [INFO]: Iniciando sincronización
2025-04-28T07:02:06.245Z [INFO]: **** Tenant: tenancy_jperezcuellar ****
2025-04-28T07:02:08.187Z [INFO]: Tenant tenancy_jperezcuellar: 0 documentos nuevos
2025-04-28T07:02:08.188Z [INFO]: **** Tenant: tenancy_inversionesyservicios34 ****
2025-04-28T07:02:10.052Z [INFO]: Tenant tenancy_inversionesyservicios34: 1 documentos nuevos
2025-04-28T07:02:10.052Z [INFO]: (NEW) Tenant tenancy_inversionesyservicios34: estado calculado = ACEPTADO
2025-04-28T07:02:10.053Z [INFO]: Tenant tenancy_inversionesyservicios34: doc bc8c13ff-9470-4643-9905-2ca68c59e155 estado SOAP -> code=0 desc="La Factura numero F701-1, ha sido aceptada"
2025-04-28T07:02:10.131Z [ERROR]: (NEW) Tenant tenancy_inversionesyservicios34: error bc8c13ff-9470-4643-9905-2ca68c59e155 -> getaddrinfo ENOTFOUND tu-api-externa.com
2025-04-28T07:02:10.131Z [INFO]: **** Tenant: tenancy_fesanrolurin ****
2025-04-28T07:02:11.964Z [INFO]: Tenant tenancy_fesanrolurin: 0 documentos nuevos
2025-04-28T07:02:11.965Z [INFO]: **** Tenant: tenancy_demo ****
2025-04-28T07:02:13.793Z [INFO]: Tenant tenancy_demo: 1 documentos nuevos
2025-04-28T07:02:13.794Z [INFO]: (NEW) Tenant tenancy_demo: estado calculado = ACEPTADO
2025-04-28T07:02:13.794Z [INFO]: Tenant tenancy_demo: doc 090c63c1-6189-4de1-af0f-977021e844e0 estado SOAP -> code=0 desc="La Factura numero FTR1-1, ha sido aceptada"
2025-04-28T07:02:13.809Z [ERROR]: (NEW) Tenant tenancy_demo: error 090c63c1-6189-4de1-af0f-977021e844e0 -> getaddrinfo ENOTFOUND tu-api-externa.com
2025-04-28T07:02:13.809Z [INFO]: **** Tenant: tenancy_escorpio ****
2025-04-28T07:02:15.640Z [INFO]: Tenant tenancy_escorpio: 0 documentos nuevos
2025-04-28T07:02:15.640Z [INFO]: **** Tenant: tenancy_grifodennis ****
2025-04-28T07:02:17.472Z [INFO]: Tenant tenancy_grifodennis: 0 documentos nuevos
2025-04-28T07:02:17.472Z [INFO]: Sincronización completada
2025-04-28T07:02:57.382Z [INFO]: Iniciando sincronización
2025-04-28T07:02:57.952Z [INFO]: **** Tenant: tenancy_jperezcuellar ****
2025-04-28T07:02:59.786Z [INFO]: Tenant tenancy_jperezcuellar: 0 documentos nuevos
2025-04-28T07:02:59.787Z [INFO]: **** Tenant: tenancy_inversionesyservicios34 ****
2025-04-28T07:03:01.614Z [INFO]: Tenant tenancy_inversionesyservicios34: 1 documentos nuevos
2025-04-28T07:03:01.615Z [INFO]: (NEW) Tenant tenancy_inversionesyservicios34: estado calculado = ACEPTADO
2025-04-28T07:03:01.615Z [INFO]: Tenant tenancy_inversionesyservicios34: doc bc8c13ff-9470-4643-9905-2ca68c59e155 estado SOAP -> code=0 desc="La Factura numero F701-1, ha sido aceptada"
2025-04-28T07:03:01.675Z [ERROR]: (NEW) Tenant tenancy_inversionesyservicios34: error bc8c13ff-9470-4643-9905-2ca68c59e155 -> getaddrinfo ENOTFOUND tu-api-externa.com
2025-04-28T07:03:01.676Z [INFO]: **** Tenant: tenancy_fesanrolurin ****
2025-04-28T07:03:03.491Z [INFO]: Tenant tenancy_fesanrolurin: 0 documentos nuevos
2025-04-28T07:03:03.491Z [INFO]: **** Tenant: tenancy_demo ****
2025-04-28T07:03:05.325Z [INFO]: Tenant tenancy_demo: 1 documentos nuevos
2025-04-28T07:03:05.325Z [INFO]: (NEW) Tenant tenancy_demo: estado calculado = ACEPTADO
2025-04-28T07:03:05.325Z [INFO]: Tenant tenancy_demo: doc 090c63c1-6189-4de1-af0f-977021e844e0 estado SOAP -> code=0 desc="La Factura numero FTR1-1, ha sido aceptada"
2025-04-28T07:03:05.341Z [ERROR]: (NEW) Tenant tenancy_demo: error 090c63c1-6189-4de1-af0f-977021e844e0 -> getaddrinfo ENOTFOUND tu-api-externa.com
2025-04-28T07:03:05.341Z [INFO]: **** Tenant: tenancy_escorpio ****
2025-04-28T07:03:07.182Z [INFO]: Tenant tenancy_escorpio: 0 documentos nuevos
2025-04-28T07:03:07.183Z [INFO]: **** Tenant: tenancy_grifodennis ****
2025-04-28T07:03:09.022Z [INFO]: Tenant tenancy_grifodennis: 0 documentos nuevos
2025-04-28T07:03:09.022Z [INFO]: Sincronización completada
2025-04-28T07:19:57.902Z [INFO]: Iniciando sincronización
2025-04-28T07:19:58.469Z [INFO]: **** Tenant: tenancy_jperezcuellar ****
2025-04-28T07:20:00.292Z [INFO]: Tenant tenancy_jperezcuellar: 0 documentos nuevos
2025-04-28T07:20:00.293Z [INFO]: **** Tenant: tenancy_inversionesyservicios34 ****
2025-04-28T07:20:02.126Z [INFO]: Tenant tenancy_inversionesyservicios34: 1 documentos nuevos
2025-04-28T07:20:02.127Z [INFO]: (NEW) Tenant tenancy_inversionesyservicios34: estado calculado = ACEPTADO
2025-04-28T07:20:02.127Z [INFO]: Tenant tenancy_inversionesyservicios34: doc bc8c13ff-9470-4643-9905-2ca68c59e155 estado SOAP -> code=0 desc="La Factura numero F701-1, ha sido aceptada"
2025-04-28T07:20:02.351Z [ERROR]: (NEW) Tenant tenancy_inversionesyservicios34: error bc8c13ff-9470-4643-9905-2ca68c59e155 -> getaddrinfo ENOTFOUND tu-api-externa.com
2025-04-28T07:20:02.352Z [INFO]: **** Tenant: tenancy_fesanrolurin ****
2025-04-28T07:20:04.186Z [INFO]: Tenant tenancy_fesanrolurin: 0 documentos nuevos
2025-04-28T07:20:04.186Z [INFO]: **** Tenant: tenancy_demo ****
2025-04-28T07:20:06.025Z [INFO]: Tenant tenancy_demo: 1 documentos nuevos
2025-04-28T07:20:06.025Z [INFO]: (NEW) Tenant tenancy_demo: estado calculado = ACEPTADO
2025-04-28T07:20:06.025Z [INFO]: Tenant tenancy_demo: doc 090c63c1-6189-4de1-af0f-977021e844e0 estado SOAP -> code=0 desc="La Factura numero FTR1-1, ha sido aceptada"
2025-04-28T07:20:06.038Z [ERROR]: (NEW) Tenant tenancy_demo: error 090c63c1-6189-4de1-af0f-977021e844e0 -> getaddrinfo ENOTFOUND tu-api-externa.com
2025-04-28T07:20:06.038Z [INFO]: **** Tenant: tenancy_escorpio ****
2025-04-28T07:20:07.875Z [INFO]: Tenant tenancy_escorpio: 0 documentos nuevos
2025-04-28T07:20:07.876Z [INFO]: **** Tenant: tenancy_grifodennis ****
2025-04-28T07:20:09.810Z [INFO]: Tenant tenancy_grifodennis: 0 documentos nuevos
2025-04-28T07:20:09.810Z [INFO]: Sincronización completada
2025-04-28T07:24:20.086Z [INFO]: Iniciando sincronización
2025-04-28T07:24:20.659Z [INFO]: **** Tenant: tenancy_jperezcuellar ****
2025-04-28T07:24:22.496Z [INFO]: Tenant tenancy_jperezcuellar: 0 documentos nuevos
2025-04-28T07:24:22.496Z [INFO]: **** Tenant: tenancy_inversionesyservicios34 ****
2025-04-28T07:24:24.324Z [INFO]: Tenant tenancy_inversionesyservicios34: 1 documentos nuevos
2025-04-28T07:24:24.324Z [INFO]: (NEW) Tenant tenancy_inversionesyservicios34: estado calculado = ACEPTADO
2025-04-28T07:24:24.324Z [INFO]: Tenant tenancy_inversionesyservicios34: doc bc8c13ff-9470-4643-9905-2ca68c59e155 estado SOAP -> code=0 desc="La Factura numero F701-1, ha sido aceptada"
2025-04-28T07:24:24.405Z [ERROR]: (NEW) Tenant tenancy_inversionesyservicios34: error bc8c13ff-9470-4643-9905-2ca68c59e155 -> getaddrinfo ENOTFOUND tu-api-externa.com
2025-04-28T07:24:24.406Z [INFO]: **** Tenant: tenancy_fesanrolurin ****
2025-04-28T07:24:26.233Z [INFO]: Tenant tenancy_fesanrolurin: 0 documentos nuevos
2025-04-28T07:24:26.234Z [INFO]: **** Tenant: tenancy_demo ****
2025-04-28T07:24:28.042Z [INFO]: Tenant tenancy_demo: 1 documentos nuevos
2025-04-28T07:24:28.042Z [INFO]: (NEW) Tenant tenancy_demo: estado calculado = ACEPTADO
2025-04-28T07:24:28.043Z [INFO]: Tenant tenancy_demo: doc 090c63c1-6189-4de1-af0f-977021e844e0 estado SOAP -> code=0 desc="La Factura numero FTR1-1, ha sido aceptada"
2025-04-28T07:24:28.055Z [ERROR]: (NEW) Tenant tenancy_demo: error 090c63c1-6189-4de1-af0f-977021e844e0 -> getaddrinfo ENOTFOUND tu-api-externa.com
2025-04-28T07:24:28.056Z [INFO]: **** Tenant: tenancy_escorpio ****
2025-04-28T07:24:29.888Z [INFO]: Tenant tenancy_escorpio: 0 documentos nuevos
2025-04-28T07:24:29.888Z [INFO]: **** Tenant: tenancy_grifodennis ****
2025-04-28T07:24:31.761Z [INFO]: Tenant tenancy_grifodennis: 0 documentos nuevos
2025-04-28T07:24:31.762Z [INFO]: Sincronización completada
2025-04-29T15:33:58.383Z [INFO]: Iniciando sincronización
2025-04-29T15:33:58.417Z [ERROR]: Error general: connect ECONNREFUSED 127.0.0.1:5432
2025-04-29T15:34:16.269Z [INFO]: Iniciando sincronización
2025-04-29T15:34:17.097Z [ERROR]: Error general: Table 'smart1.companies' doesn't exist
2025-04-29T15:40:23.686Z [INFO]: Iniciando sincronización
2025-04-29T15:40:28.789Z [INFO]: **** Tenant: tenancy_jperezcuellar ****
2025-04-29T15:40:31.697Z [INFO]: Tenant tenancy_jperezcuellar: 0 documentos nuevos
2025-04-29T15:40:31.698Z [INFO]: **** Tenant: tenancy_inversionesyservicios34 ****
2025-04-29T15:40:34.191Z [INFO]: Tenant tenancy_inversionesyservicios34: 1 documentos nuevos
2025-04-29T15:40:34.192Z [INFO]: (NEW) Tenant tenancy_inversionesyservicios34: estado calculado = ACEPTADO
2025-04-29T15:40:34.192Z [INFO]: Tenant tenancy_inversionesyservicios34: doc bc8c13ff-9470-4643-9905-2ca68c59e155 estado SOAP -> code=0 desc="La Factura numero F701-1, ha sido aceptada"
2025-04-29T15:40:34.193Z [WARN]: Directorio PDF no existe: /root/proyects/smart1/storage/app/tenancy/tenants/tenancy_inversionesyservicios34/pdf
2025-04-29T15:40:34.194Z [WARN]: Directorio CDR no existe: /root/proyects/smart1/storage/app/tenancy/tenants/tenancy_inversionesyservicios34/cdr
2025-04-29T15:40:34.194Z [WARN]: Directorio signed no existe: /root/proyects/smart1/storage/app/tenancy/tenants/tenancy_inversionesyservicios34/signed
2025-04-29T15:40:34.194Z [WARN]: Directorio unsigned no existe: /root/proyects/smart1/storage/app/tenancy/tenants/tenancy_inversionesyservicios34/unsigned
2025-04-29T15:40:34.748Z [ERROR]: (NEW) Tenant tenancy_inversionesyservicios34: error bc8c13ff-9470-4643-9905-2ca68c59e155 -> write EPROTO 803C6B250C7F0000:error:0A000458:SSL routines:ssl3_read_bytes:tlsv1 unrecognized name:../deps/openssl/openssl/ssl/record/rec_layer_s3.c:1605:SSL alert number 112

2025-04-29T15:40:34.750Z [INFO]: **** Tenant: tenancy_fesanrolurin ****
2025-04-29T15:40:37.126Z [INFO]: Tenant tenancy_fesanrolurin: 0 documentos nuevos
2025-04-29T15:40:37.127Z [INFO]: **** Tenant: tenancy_servicioschasqui ****
2025-04-29T15:40:39.510Z [INFO]: Tenant tenancy_servicioschasqui: 0 documentos nuevos
2025-04-29T15:40:39.511Z [INFO]: **** Tenant: tenancy_demo ****
2025-04-29T15:40:41.887Z [INFO]: Tenant tenancy_demo: 1 documentos nuevos
2025-04-29T15:40:41.888Z [INFO]: (NEW) Tenant tenancy_demo: estado calculado = ACEPTADO
2025-04-29T15:40:41.888Z [INFO]: Tenant tenancy_demo: doc 090c63c1-6189-4de1-af0f-977021e844e0 estado SOAP -> code=0 desc="La Factura numero FTR1-1, ha sido aceptada"
2025-04-29T15:40:42.148Z [ERROR]: (NEW) Tenant tenancy_demo: error 090c63c1-6189-4de1-af0f-977021e844e0 -> write EPROTO 803C6B250C7F0000:error:0A000458:SSL routines:ssl3_read_bytes:tlsv1 unrecognized name:../deps/openssl/openssl/ssl/record/rec_layer_s3.c:1605:SSL alert number 112

2025-04-29T15:40:42.149Z [INFO]: **** Tenant: tenancy_escorpio ****
2025-04-29T15:40:44.512Z [INFO]: Tenant tenancy_escorpio: 0 documentos nuevos
2025-04-29T15:40:44.514Z [INFO]: **** Tenant: tenancy_grifodennis ****
2025-04-29T15:40:46.895Z [INFO]: Tenant tenancy_grifodennis: 0 documentos nuevos
2025-04-29T15:40:46.896Z [INFO]: Sincronización completada
2025-04-29T15:47:44.088Z [INFO]: Iniciando sincronización
2025-04-29T15:47:48.478Z [INFO]: **** Tenant: tenancy_jperezcuellar ****
2025-04-29T15:47:50.831Z [INFO]: Tenant tenancy_jperezcuellar: 0 documentos nuevos
2025-04-29T15:47:50.831Z [INFO]: **** Tenant: tenancy_inversionesyservicios34 ****
2025-04-29T15:47:53.196Z [INFO]: Tenant tenancy_inversionesyservicios34: 1 documentos nuevos
2025-04-29T15:47:53.197Z [INFO]: (NEW) Tenant tenancy_inversionesyservicios34: estado calculado = ACEPTADO
2025-04-29T15:47:53.198Z [INFO]: Tenant tenancy_inversionesyservicios34: doc bc8c13ff-9470-4643-9905-2ca68c59e155 estado SOAP -> code=0 desc="La Factura numero F701-1, ha sido aceptada"
2025-04-29T15:47:53.200Z [WARN]: Directorio PDF no existe: /root/proyects/smart1/storage/app/tenancy/tenants/tenancy_inversionesyservicios34/pdf
2025-04-29T15:47:53.201Z [WARN]: Directorio CDR no existe: /root/proyects/smart1/storage/app/tenancy/tenants/tenancy_inversionesyservicios34/cdr
2025-04-29T15:47:53.201Z [WARN]: Directorio signed no existe: /root/proyects/smart1/storage/app/tenancy/tenants/tenancy_inversionesyservicios34/signed
2025-04-29T15:47:53.202Z [WARN]: Directorio unsigned no existe: /root/proyects/smart1/storage/app/tenancy/tenants/tenancy_inversionesyservicios34/unsigned
2025-04-29T15:47:53.558Z [ERROR]: (NEW) Tenant tenancy_inversionesyservicios34: error bc8c13ff-9470-4643-9905-2ca68c59e155 -> write EPROTO 801CF9FEE87F0000:error:0A000458:SSL routines:ssl3_read_bytes:tlsv1 unrecognized name:../deps/openssl/openssl/ssl/record/rec_layer_s3.c:1605:SSL alert number 112

2025-04-29T15:47:53.559Z [INFO]: **** Tenant: tenancy_fesanrolurin ****
2025-04-29T15:47:55.914Z [INFO]: Tenant tenancy_fesanrolurin: 0 documentos nuevos
2025-04-29T15:47:55.916Z [INFO]: **** Tenant: tenancy_servicioschasqui ****
2025-04-29T15:47:58.279Z [INFO]: Tenant tenancy_servicioschasqui: 0 documentos nuevos
2025-04-29T15:47:58.280Z [INFO]: **** Tenant: tenancy_demo ****
2025-04-29T15:48:00.647Z [INFO]: Tenant tenancy_demo: 1 documentos nuevos
2025-04-29T15:48:00.648Z [INFO]: (NEW) Tenant tenancy_demo: estado calculado = ACEPTADO
2025-04-29T15:48:00.648Z [INFO]: Tenant tenancy_demo: doc 090c63c1-6189-4de1-af0f-977021e844e0 estado SOAP -> code=0 desc="La Factura numero FTR1-1, ha sido aceptada"
2025-04-29T15:48:00.892Z [ERROR]: (NEW) Tenant tenancy_demo: error 090c63c1-6189-4de1-af0f-977021e844e0 -> write EPROTO 801CF9FEE87F0000:error:0A000458:SSL routines:ssl3_read_bytes:tlsv1 unrecognized name:../deps/openssl/openssl/ssl/record/rec_layer_s3.c:1605:SSL alert number 112

2025-04-29T15:48:00.893Z [INFO]: **** Tenant: tenancy_escorpio ****
2025-04-29T15:48:03.256Z [INFO]: Tenant tenancy_escorpio: 0 documentos nuevos
2025-04-29T15:48:03.258Z [INFO]: **** Tenant: tenancy_grifodennis ****
2025-04-29T15:48:05.635Z [INFO]: Tenant tenancy_grifodennis: 0 documentos nuevos
2025-04-29T15:48:05.637Z [INFO]: Sincronización completada
2025-04-29T21:11:46.126Z [INFO]: Iniciando sincronización
2025-04-29T21:11:46.159Z [ERROR]: Error general: connect ECONNREFUSED 127.0.0.1:3307
2025-04-29T21:12:25.494Z [INFO]: Iniciando sincronización
2025-04-29T21:12:30.004Z [INFO]: **** Tenant: tenancy_jperezcuellar ****
2025-04-29T21:12:32.483Z [INFO]: Tenant tenancy_jperezcuellar: 0 documentos nuevos
2025-04-29T21:12:32.484Z [INFO]: **** Tenant: tenancy_inversionesyservicios34 ****
2025-04-29T21:12:34.955Z [INFO]: Tenant tenancy_inversionesyservicios34: 1 documentos nuevos
2025-04-29T21:12:34.956Z [INFO]: (NEW) Tenant tenancy_inversionesyservicios34: estado calculado = ACEPTADO
2025-04-29T21:12:34.957Z [INFO]: Tenant tenancy_inversionesyservicios34: doc bc8c13ff-9470-4643-9905-2ca68c59e155 estado SOAP -> code=0 desc="La Factura numero F701-1, ha sido aceptada"
2025-04-29T21:12:34.965Z [WARN]: Directorio PDF no existe: /root/proyects/smart1/storage/app/tenancy/tenants/tenancy_inversionesyservicios34/pdf
2025-04-29T21:12:34.965Z [WARN]: Directorio CDR no existe: /root/proyects/smart1/storage/app/tenancy/tenants/tenancy_inversionesyservicios34/cdr
2025-04-29T21:12:34.966Z [WARN]: Directorio signed no existe: /root/proyects/smart1/storage/app/tenancy/tenants/tenancy_inversionesyservicios34/signed
2025-04-29T21:12:34.966Z [WARN]: Directorio unsigned no existe: /root/proyects/smart1/storage/app/tenancy/tenants/tenancy_inversionesyservicios34/unsigned
2025-04-29T21:12:35.081Z [ERROR]: (NEW) Tenant tenancy_inversionesyservicios34: error bc8c13ff-9470-4643-9905-2ca68c59e155 -> Request failed with status code 400
2025-04-29T21:12:35.082Z [INFO]: **** Tenant: tenancy_fesanrolurin ****
2025-04-29T21:12:37.572Z [INFO]: Tenant tenancy_fesanrolurin: 0 documentos nuevos
2025-04-29T21:12:37.573Z [INFO]: **** Tenant: tenancy_servicioschasqui ****
2025-04-29T21:12:40.118Z [INFO]: Tenant tenancy_servicioschasqui: 0 documentos nuevos
2025-04-29T21:12:40.119Z [INFO]: **** Tenant: tenancy_demo ****
2025-04-29T21:13:10.459Z [INFO]: Iniciando sincronización
2025-04-29T21:13:15.065Z [INFO]: **** Tenant: tenancy_jperezcuellar ****
2025-04-29T21:13:17.512Z [INFO]: Tenant tenancy_jperezcuellar: 0 documentos nuevos
2025-04-29T21:13:17.514Z [INFO]: **** Tenant: tenancy_inversionesyservicios34 ****
2025-04-29T21:13:20.004Z [INFO]: Tenant tenancy_inversionesyservicios34: 1 documentos nuevos
2025-04-29T21:13:20.004Z [INFO]: (NEW) Tenant tenancy_inversionesyservicios34: estado calculado = ACEPTADO
2025-04-29T21:13:20.004Z [INFO]: Tenant tenancy_inversionesyservicios34: doc bc8c13ff-9470-4643-9905-2ca68c59e155 estado SOAP -> code=0 desc="La Factura numero F701-1, ha sido aceptada"
2025-04-29T21:13:20.006Z [WARN]: Directorio PDF no existe: /root/proyects/smart1/storage/app/tenancy/tenants/tenancy_inversionesyservicios34/pdf
2025-04-29T21:13:20.006Z [WARN]: Directorio CDR no existe: /root/proyects/smart1/storage/app/tenancy/tenants/tenancy_inversionesyservicios34/cdr
2025-04-29T21:13:20.006Z [WARN]: Directorio signed no existe: /root/proyects/smart1/storage/app/tenancy/tenants/tenancy_inversionesyservicios34/signed
2025-04-29T21:13:20.006Z [WARN]: Directorio unsigned no existe: /root/proyects/smart1/storage/app/tenancy/tenants/tenancy_inversionesyservicios34/unsigned
2025-04-29T21:13:18.658Z [ERROR]: (NEW) Tenant tenancy_inversionesyservicios34: error bc8c13ff-9470-4643-9905-2ca68c59e155 -> Request failed with status code 400
2025-04-29T21:13:18.659Z [INFO]: **** Tenant: tenancy_fesanrolurin ****
2025-04-29T21:13:21.187Z [INFO]: Tenant tenancy_fesanrolurin: 0 documentos nuevos
2025-04-29T21:13:21.188Z [INFO]: **** Tenant: tenancy_servicioschasqui ****
2025-04-29T21:13:23.647Z [INFO]: Tenant tenancy_servicioschasqui: 0 documentos nuevos
2025-04-29T21:13:23.649Z [INFO]: **** Tenant: tenancy_demo ****
2025-04-29T21:13:26.123Z [INFO]: Tenant tenancy_demo: 1 documentos nuevos
2025-04-29T21:13:26.123Z [INFO]: (NEW) Tenant tenancy_demo: estado calculado = ACEPTADO
2025-04-29T21:13:26.123Z [INFO]: Tenant tenancy_demo: doc 090c63c1-6189-4de1-af0f-977021e844e0 estado SOAP -> code=0 desc="La Factura numero FTR1-1, ha sido aceptada"
2025-04-29T21:13:26.168Z [ERROR]: (NEW) Tenant tenancy_demo: error 090c63c1-6189-4de1-af0f-977021e844e0 -> Request failed with status code 500
2025-04-29T21:13:26.169Z [INFO]: **** Tenant: tenancy_escorpio ****
2025-04-29T21:13:28.625Z [INFO]: Tenant tenancy_escorpio: 0 documentos nuevos
2025-04-29T21:13:28.626Z [INFO]: **** Tenant: tenancy_grifodennis ****
2025-04-29T21:13:31.124Z [INFO]: Tenant tenancy_grifodennis: 0 documentos nuevos
2025-04-29T21:13:31.125Z [INFO]: Sincronización completada
2025-04-29T21:23:09.793Z [INFO]: Iniciando sincronización
2025-04-29T21:23:14.375Z [INFO]: **** Tenant: tenancy_jperezcuellar ****
2025-04-29T21:23:16.908Z [INFO]: Tenant tenancy_jperezcuellar: 0 documentos nuevos
2025-04-29T21:23:16.911Z [INFO]: **** Tenant: tenancy_inversionesyservicios34 ****
2025-04-29T21:23:19.395Z [INFO]: Tenant tenancy_inversionesyservicios34: 1 documentos nuevos
2025-04-29T21:23:19.396Z [INFO]: (NEW) Tenant tenancy_inversionesyservicios34: estado calculado = ACEPTADO
2025-04-29T21:23:19.397Z [INFO]: Tenant tenancy_inversionesyservicios34: doc bc8c13ff-9470-4643-9905-2ca68c59e155 estado SOAP -> code=0 desc="La Factura numero F701-1, ha sido aceptada"
2025-04-29T21:23:19.399Z [WARN]: Directorio PDF no existe: /root/proyects/smart1/storage/app/tenancy/tenants/tenancy_inversionesyservicios34/pdf
2025-04-29T21:23:19.399Z [WARN]: Directorio CDR no existe: /root/proyects/smart1/storage/app/tenancy/tenants/tenancy_inversionesyservicios34/cdr
2025-04-29T21:23:19.400Z [WARN]: Directorio signed no existe: /root/proyects/smart1/storage/app/tenancy/tenants/tenancy_inversionesyservicios34/signed
2025-04-29T21:23:19.400Z [WARN]: Directorio unsigned no existe: /root/proyects/smart1/storage/app/tenancy/tenants/tenancy_inversionesyservicios34/unsigned
2025-04-29T21:23:19.497Z [ERROR]: (NEW) Tenant tenancy_inversionesyservicios34: error bc8c13ff-9470-4643-9905-2ca68c59e155 -> Request failed with status code 400
2025-04-29T21:23:19.498Z [INFO]: **** Tenant: tenancy_fesanrolurin ****
2025-04-29T21:23:21.957Z [INFO]: Tenant tenancy_fesanrolurin: 0 documentos nuevos
2025-04-29T21:23:21.958Z [INFO]: **** Tenant: tenancy_servicioschasqui ****
2025-04-29T21:23:24.435Z [INFO]: Tenant tenancy_servicioschasqui: 0 documentos nuevos
2025-04-29T21:23:24.437Z [INFO]: **** Tenant: tenancy_demo ****
2025-04-29T21:23:26.916Z [INFO]: Tenant tenancy_demo: 1 documentos nuevos
2025-04-29T21:23:26.917Z [INFO]: (NEW) Tenant tenancy_demo: estado calculado = ACEPTADO
2025-04-29T21:23:26.917Z [INFO]: Tenant tenancy_demo: doc 090c63c1-6189-4de1-af0f-977021e844e0 estado SOAP -> code=0 desc="La Factura numero FTR1-1, ha sido aceptada"
2025-04-29T21:23:28.462Z [INFO]: (NEW) Tenant tenancy_demo: sincronizado 090c63c1-6189-4de1-af0f-977021e844e0
2025-04-29T21:23:28.463Z [INFO]: **** Tenant: tenancy_escorpio ****
2025-04-29T21:23:30.915Z [INFO]: Tenant tenancy_escorpio: 0 documentos nuevos
2025-04-29T21:23:30.916Z [INFO]: **** Tenant: tenancy_grifodennis ****
2025-04-29T21:23:33.429Z [INFO]: Tenant tenancy_grifodennis: 0 documentos nuevos
2025-04-29T21:23:33.430Z [INFO]: Sincronización completada
2025-04-29T21:24:03.270Z [INFO]: Iniciando sincronización
2025-04-29T21:24:06.461Z [INFO]: **** Tenant: tenancy_jperezcuellar ****
2025-04-29T21:24:08.990Z [INFO]: Tenant tenancy_jperezcuellar: 0 documentos nuevos
2025-04-29T21:24:08.991Z [INFO]: **** Tenant: tenancy_inversionesyservicios34 ****
2025-04-29T21:24:11.463Z [INFO]: Tenant tenancy_inversionesyservicios34: 1 documentos nuevos
2025-04-29T21:24:11.464Z [INFO]: (NEW) Tenant tenancy_inversionesyservicios34: estado calculado = ACEPTADO
2025-04-29T21:24:11.464Z [INFO]: Tenant tenancy_inversionesyservicios34: doc bc8c13ff-9470-4643-9905-2ca68c59e155 estado SOAP -> code=0 desc="La Factura numero F701-1, ha sido aceptada"
2025-04-29T21:24:11.465Z [WARN]: Directorio PDF no existe: /root/proyects/smart1/storage/app/tenancy/tenants/tenancy_inversionesyservicios34/pdf
2025-04-29T21:24:11.465Z [WARN]: Directorio CDR no existe: /root/proyects/smart1/storage/app/tenancy/tenants/tenancy_inversionesyservicios34/cdr
2025-04-29T21:24:11.466Z [WARN]: Directorio signed no existe: /root/proyects/smart1/storage/app/tenancy/tenants/tenancy_inversionesyservicios34/signed
2025-04-29T21:24:11.466Z [WARN]: Directorio unsigned no existe: /root/proyects/smart1/storage/app/tenancy/tenants/tenancy_inversionesyservicios34/unsigned
2025-04-29T21:24:11.555Z [ERROR]: (NEW) Tenant tenancy_inversionesyservicios34: error bc8c13ff-9470-4643-9905-2ca68c59e155 -> Request failed with status code 400
2025-04-29T21:24:11.555Z [INFO]: **** Tenant: tenancy_fesanrolurin ****
2025-04-29T21:24:14.176Z [INFO]: Tenant tenancy_fesanrolurin: 0 documentos nuevos
2025-04-29T21:24:14.178Z [INFO]: **** Tenant: tenancy_servicioschasqui ****
2025-04-29T21:24:16.642Z [INFO]: Tenant tenancy_servicioschasqui: 0 documentos nuevos
2025-04-29T21:24:16.643Z [INFO]: **** Tenant: tenancy_demo ****
2025-04-29T21:24:19.123Z [INFO]: Tenant tenancy_demo: 0 documentos nuevos
2025-04-29T21:24:19.124Z [INFO]: **** Tenant: tenancy_escorpio ****
2025-04-29T22:38:26.759Z [INFO]: Iniciando sincronización
2025-04-29T22:38:27.017Z [ERROR]: Error general: Connection lost: The server closed the connection.
2025-04-29T22:38:44.981Z [INFO]: Iniciando sincronización
2025-04-29T22:38:49.850Z [INFO]: **** Tenant: tenancy_jperezcuellar ****
2025-04-29T22:38:52.455Z [INFO]: Tenant tenancy_jperezcuellar: 0 documentos nuevos
2025-04-29T22:38:52.457Z [INFO]: **** Tenant: tenancy_inversionesyservicios34 ****
2025-04-29T22:38:55.129Z [INFO]: Tenant tenancy_inversionesyservicios34: 1 documentos nuevos
2025-04-29T22:38:55.129Z [INFO]: (NEW) Tenant tenancy_inversionesyservicios34: estado calculado = ACEPTADO
2025-04-29T22:38:55.130Z [INFO]: Tenant tenancy_inversionesyservicios34: doc bc8c13ff-9470-4643-9905-2ca68c59e155 estado SOAP -> code=0 desc="La Factura numero F701-1, ha sido aceptada"
2025-04-29T22:38:57.193Z [INFO]: (NEW) Tenant tenancy_inversionesyservicios34: sincronizado bc8c13ff-9470-4643-9905-2ca68c59e155
2025-04-29T22:38:57.194Z [INFO]: **** Tenant: tenancy_fesanrolurin ****
2025-04-29T22:38:59.797Z [INFO]: Tenant tenancy_fesanrolurin: 0 documentos nuevos
2025-04-29T22:38:59.798Z [INFO]: **** Tenant: tenancy_servicioschasqui ****
2025-04-29T22:39:02.407Z [INFO]: Tenant tenancy_servicioschasqui: 0 documentos nuevos
2025-04-29T22:39:02.409Z [INFO]: **** Tenant: tenancy_demo ****
2025-04-29T22:39:05.009Z [INFO]: Tenant tenancy_demo: 0 documentos nuevos
2025-04-29T22:39:05.010Z [INFO]: **** Tenant: tenancy_escorpio ****
2025-04-29T22:39:06.181Z [INFO]: Tenant tenancy_escorpio: 0 documentos nuevos
2025-04-29T22:39:06.182Z [INFO]: **** Tenant: tenancy_grifodennis ****
2025-04-29T22:39:08.775Z [INFO]: Tenant tenancy_grifodennis: 0 documentos nuevos
2025-04-29T22:39:08.776Z [INFO]: Sincronización completada
2025-04-29T22:41:10.753Z [INFO]: Iniciando sincronización
2025-04-29T22:41:15.565Z [INFO]: **** Tenant: tenancy_jperezcuellar ****
2025-04-29T22:41:18.161Z [INFO]: Tenant tenancy_jperezcuellar: 0 documentos nuevos
2025-04-29T22:41:18.162Z [INFO]: **** Tenant: tenancy_inversionesyservicios34 ****
2025-04-29T22:41:20.774Z [INFO]: Tenant tenancy_inversionesyservicios34: 1 documentos nuevos
2025-04-29T22:41:20.774Z [INFO]: (NEW) Tenant tenancy_inversionesyservicios34: estado calculado = ACEPTADO
2025-04-29T22:41:20.774Z [INFO]: Tenant tenancy_inversionesyservicios34: doc bc8c13ff-9470-4643-9905-2ca68c59e155 estado SOAP -> code=0 desc="La Factura numero F701-1, ha sido aceptada"
2025-04-29T22:41:21.918Z [ERROR]: (NEW) Tenant tenancy_inversionesyservicios34: error bc8c13ff-9470-4643-9905-2ca68c59e155 -> Request failed with status code 500
2025-04-29T22:41:21.919Z [INFO]: **** Tenant: tenancy_fesanrolurin ****
2025-04-29T22:41:24.509Z [INFO]: Tenant tenancy_fesanrolurin: 0 documentos nuevos
2025-04-29T22:41:24.511Z [INFO]: **** Tenant: tenancy_servicioschasqui ****
2025-04-29T22:42:29.476Z [INFO]: Iniciando sincronización
2025-04-29T22:42:34.344Z [INFO]: **** Tenant: tenancy_jperezcuellar ****
2025-04-29T22:42:36.934Z [INFO]: Tenant tenancy_jperezcuellar: 0 documentos nuevos
2025-04-29T22:42:36.935Z [INFO]: **** Tenant: tenancy_inversionesyservicios34 ****
2025-04-29T22:42:39.580Z [INFO]: Tenant tenancy_inversionesyservicios34: 1 documentos nuevos
2025-04-29T22:42:39.581Z [INFO]: (NEW) Tenant tenancy_inversionesyservicios34: estado calculado = ACEPTADO
2025-04-29T22:42:39.582Z [INFO]: Tenant tenancy_inversionesyservicios34: doc bc8c13ff-9470-4643-9905-2ca68c59e155 estado SOAP -> code=0 desc="La Factura numero F701-1, ha sido aceptada"
2025-04-29T22:42:40.642Z [ERROR]: (NEW) Tenant tenancy_inversionesyservicios34: error bc8c13ff-9470-4643-9905-2ca68c59e155 -> Request failed with status code 500
2025-04-29T22:42:40.643Z [INFO]: **** Tenant: tenancy_fesanrolurin ****
2025-04-29T22:43:25.532Z [INFO]: Iniciando sincronización
2025-04-29T22:43:30.342Z [INFO]: **** Tenant: tenancy_jperezcuellar ****
2025-04-29T22:43:32.935Z [INFO]: Tenant tenancy_jperezcuellar: 0 documentos nuevos
2025-04-29T22:43:32.937Z [INFO]: **** Tenant: tenancy_inversionesyservicios34 ****
2025-04-29T22:43:35.598Z [INFO]: Tenant tenancy_inversionesyservicios34: 1 documentos nuevos
2025-04-29T22:43:35.599Z [INFO]: (NEW) Tenant tenancy_inversionesyservicios34: estado calculado = ACEPTADO
2025-04-29T22:43:35.599Z [INFO]: Tenant tenancy_inversionesyservicios34: doc bc8c13ff-9470-4643-9905-2ca68c59e155 estado SOAP -> code=0 desc="La Factura numero F701-1, ha sido aceptada"
2025-04-29T22:43:37.147Z [INFO]: (NEW) Tenant tenancy_inversionesyservicios34: sincronizado bc8c13ff-9470-4643-9905-2ca68c59e155
2025-04-29T22:43:37.148Z [INFO]: **** Tenant: tenancy_fesanrolurin ****
2025-04-29T22:43:39.731Z [INFO]: Tenant tenancy_fesanrolurin: 0 documentos nuevos
2025-04-29T22:43:39.732Z [INFO]: **** Tenant: tenancy_servicioschasqui ****
2025-04-29T22:43:42.313Z [INFO]: Tenant tenancy_servicioschasqui: 0 documentos nuevos
2025-04-29T22:43:42.315Z [INFO]: **** Tenant: tenancy_demo ****
2025-04-29T22:43:43.539Z [INFO]: Tenant tenancy_demo: 1 documentos nuevos
2025-04-29T22:43:43.539Z [INFO]: (NEW) Tenant tenancy_demo: estado calculado = ACEPTADO
2025-04-29T22:43:43.539Z [INFO]: Tenant tenancy_demo: doc 090c63c1-6189-4de1-af0f-977021e844e0 estado SOAP -> code=0 desc="La Factura numero FTR1-1, ha sido aceptada"
2025-04-29T22:43:45.064Z [INFO]: (NEW) Tenant tenancy_demo: sincronizado 090c63c1-6189-4de1-af0f-977021e844e0
2025-04-29T22:43:45.065Z [INFO]: **** Tenant: tenancy_escorpio ****
2025-04-29T22:43:47.659Z [INFO]: Tenant tenancy_escorpio: 0 documentos nuevos
2025-04-29T22:43:47.661Z [INFO]: **** Tenant: tenancy_grifodennis ****
2025-04-29T22:43:50.261Z [INFO]: Tenant tenancy_grifodennis: 0 documentos nuevos
2025-04-29T22:43:50.262Z [INFO]: Sincronización completada
