2025-04-28T05:01:13.500Z [ERROR]: Error general: connect ECONNREFUSED 127.0.0.1:3310
2025-04-28T05:02:01.474Z [ERROR]: Error general: Unknown column 'migrated' in 'where clause'
2025-04-28T05:08:38.035Z [ERROR]: Tenant tenancy_inversionesyservicios34: fallo al procesar bc8c13ff-9470-4643-9905-2ca68c59e155 -> getaddrinfo ENOTFOUND tu-api-externa.com
2025-04-28T05:15:20.917Z [ERROR]: Tenant tenancy_inversionesyservicios34: fallo al procesar bc8c13ff-9470-4643-9905-2ca68c59e155 -> getaddrinfo ENOTFOUND tu-api-externa.com
2025-04-28T05:16:35.495Z [ERROR]: Tenant tenancy_inversionesyservicios34: fallo al procesar bc8c13ff-9470-4643-9905-2ca68c59e155 -> getaddrinfo ENOTFOUND tu-api-externa.com
2025-04-28T05:18:12.423Z [ERROR]: Tenant tenancy_inversionesyservicios34: fallo al procesar bc8c13ff-9470-4643-9905-2ca68c59e155 -> getaddrinfo ENOTFOUND tu-api-externa.com
2025-04-28T05:20:44.212Z [ERROR]: Tenant tenancy_inversionesyservicios34: fallo al procesar bc8c13ff-9470-4643-9905-2ca68c59e155 -> getaddrinfo ENOTFOUND tu-api-externa.com
2025-04-28T05:28:25.631Z [ERROR]: Tenant tenancy_inversionesyservicios34: fallo al procesar bc8c13ff-9470-4643-9905-2ca68c59e155 -> getaddrinfo ENOTFOUND tu-api-externa.com
2025-04-28T05:29:16.702Z [ERROR]: Tenant tenancy_inversionesyservicios34: fallo al procesar bc8c13ff-9470-4643-9905-2ca68c59e155 -> getaddrinfo ENOTFOUND tu-api-externa.com
2025-04-28T05:32:56.789Z [ERROR]: Tenant tenancy_inversionesyservicios34: fallo al procesar bc8c13ff-9470-4643-9905-2ca68c59e155 -> getaddrinfo ENOTFOUND tu-api-externa.com
2025-04-28T05:40:50.248Z [ERROR]: Tenant tenancy_inversionesyservicios34: fallo al procesar bc8c13ff-9470-4643-9905-2ca68c59e155 -> getaddrinfo ENOTFOUND tu-api-externa.com
2025-04-28T05:42:46.423Z [ERROR]: Tenant tenancy_inversionesyservicios34: fallo al procesar bc8c13ff-9470-4643-9905-2ca68c59e155 -> getaddrinfo ENOTFOUND tu-api-externa.com
2025-04-28T05:49:53.343Z [ERROR]: Tenant tenancy_inversionesyservicios34: fallo al procesar bc8c13ff-9470-4643-9905-2ca68c59e155 -> getaddrinfo ENOTFOUND tu-api-externa.com
2025-04-28T05:50:39.826Z [ERROR]: Tenant tenancy_inversionesyservicios34: fallo al procesar bc8c13ff-9470-4643-9905-2ca68c59e155 -> getaddrinfo ENOTFOUND tu-api-externa.com
2025-04-28T05:53:32.696Z [ERROR]: Tenant tenancy_inversionesyservicios34: fallo al procesar bc8c13ff-9470-4643-9905-2ca68c59e155 -> getaddrinfo ENOTFOUND tu-api-externa.com
2025-04-28T05:55:43.786Z [ERROR]: Tenant tenancy_inversionesyservicios34: fallo al procesar bc8c13ff-9470-4643-9905-2ca68c59e155 -> getaddrinfo ENOTFOUND tu-api-externa.com
2025-04-28T05:56:05.046Z [ERROR]: Tenant tenancy_inversionesyservicios34: fallo al procesar bc8c13ff-9470-4643-9905-2ca68c59e155 -> getaddrinfo ENOTFOUND tu-api-externa.com
2025-04-28T05:57:34.143Z [ERROR]: Tenant tenancy_inversionesyservicios34: fallo al procesar bc8c13ff-9470-4643-9905-2ca68c59e155 -> getaddrinfo ENOTFOUND tu-api-externa.com
2025-04-28T05:58:24.018Z [ERROR]: Tenant tenancy_inversionesyservicios34: fallo al procesar bc8c13ff-9470-4643-9905-2ca68c59e155 -> getaddrinfo ENOTFOUND tu-api-externa.com
2025-04-28T05:59:52.622Z [ERROR]: Tenant tenancy_inversionesyservicios34: fallo al procesar bc8c13ff-9470-4643-9905-2ca68c59e155 -> getaddrinfo ENOTFOUND tu-api-externa.com
2025-04-28T05:59:56.339Z [ERROR]: Tenant tenancy_demo: fallo al procesar 090c63c1-6189-4de1-af0f-977021e844e0 -> getaddrinfo ENOTFOUND tu-api-externa.com
2025-04-28T06:40:13.945Z [ERROR]: Error general: Connection lost: The server closed the connection.
2025-04-28T06:40:36.222Z [ERROR]: (NEW) Tenant tenancy_inversionesyservicios34: error bc8c13ff-9470-4643-9905-2ca68c59e155 -> getaddrinfo ENOTFOUND tu-api-externa.com
2025-04-28T06:42:37.009Z [ERROR]: (NEW) Tenant tenancy_inversionesyservicios34: error bc8c13ff-9470-4643-9905-2ca68c59e155 -> getaddrinfo ENOTFOUND tu-api-externa.com
2025-04-28T06:43:34.233Z [ERROR]: (NEW) Tenant tenancy_inversionesyservicios34: error bc8c13ff-9470-4643-9905-2ca68c59e155 -> getaddrinfo ENOTFOUND tu-api-externa.com
2025-04-28T06:59:56.556Z [ERROR]: (NEW) Tenant tenancy_inversionesyservicios34: error bc8c13ff-9470-4643-9905-2ca68c59e155 -> getaddrinfo ENOTFOUND tu-api-externa.com
2025-04-28T07:00:00.223Z [ERROR]: (NEW) Tenant tenancy_demo: error 090c63c1-6189-4de1-af0f-977021e844e0 -> getaddrinfo ENOTFOUND tu-api-externa.com
2025-04-28T07:02:10.131Z [ERROR]: (NEW) Tenant tenancy_inversionesyservicios34: error bc8c13ff-9470-4643-9905-2ca68c59e155 -> getaddrinfo ENOTFOUND tu-api-externa.com
2025-04-28T07:02:13.809Z [ERROR]: (NEW) Tenant tenancy_demo: error 090c63c1-6189-4de1-af0f-977021e844e0 -> getaddrinfo ENOTFOUND tu-api-externa.com
2025-04-28T07:03:01.675Z [ERROR]: (NEW) Tenant tenancy_inversionesyservicios34: error bc8c13ff-9470-4643-9905-2ca68c59e155 -> getaddrinfo ENOTFOUND tu-api-externa.com
2025-04-28T07:03:05.341Z [ERROR]: (NEW) Tenant tenancy_demo: error 090c63c1-6189-4de1-af0f-977021e844e0 -> getaddrinfo ENOTFOUND tu-api-externa.com
2025-04-28T07:20:02.351Z [ERROR]: (NEW) Tenant tenancy_inversionesyservicios34: error bc8c13ff-9470-4643-9905-2ca68c59e155 -> getaddrinfo ENOTFOUND tu-api-externa.com
2025-04-28T07:20:06.038Z [ERROR]: (NEW) Tenant tenancy_demo: error 090c63c1-6189-4de1-af0f-977021e844e0 -> getaddrinfo ENOTFOUND tu-api-externa.com
2025-04-28T07:24:24.405Z [ERROR]: (NEW) Tenant tenancy_inversionesyservicios34: error bc8c13ff-9470-4643-9905-2ca68c59e155 -> getaddrinfo ENOTFOUND tu-api-externa.com
2025-04-28T07:24:28.055Z [ERROR]: (NEW) Tenant tenancy_demo: error 090c63c1-6189-4de1-af0f-977021e844e0 -> getaddrinfo ENOTFOUND tu-api-externa.com
